<?xml version="1.0" encoding="UTF-8"?>
<!-- Generated by org.testng.reporters.JUnitReportReporter -->
<testsuite hostname="raghobasontakke" failures="0" tests="1" name="interviewTest.validate_To_broken_image" time="18.179" errors="0" timestamp="2023-06-08T19:20:41 IST" skipped="0">
  <testcase classname="interviewTest.validate_To_broken_image" name="Find_broken_image" time="18.179"/>
  <system-out/>
</testsuite> <!-- interviewTest.validate_To_broken_image -->
