<?xml version="1.0" encoding="UTF-8"?>
<!-- Generated by org.testng.reporters.JUnitReportReporter -->
<testsuite hostname="raghobasontakke" failures="0" tests="1" name="interviewTest.upload_to_file" time="7.047" errors="0" timestamp="2023-06-13T10:20:41 IST" skipped="0">
  <testcase classname="interviewTest.upload_to_file" name="upload" time="7.047"/>
  <system-out/>
</testsuite> <!-- interviewTest.upload_to_file -->
